<?xml version="1.0" encoding="UTF-8"?>
<!-- Generated by org.testng.reporters.JUnitReportReporter -->
<testsuite hostname="Dewendra" failures="0" tests="1" name="com.nop.runner.TestRunner" time="25.731" errors="0" timestamp="2025-08-21T18:19:49 IST" skipped="0">
  <testcase classname="com.nop.runner.TestRunner" name="runScenario" time="25.731"/>
  <system-out/>
</testsuite> <!-- com.nop.runner.TestRunner -->
