<?xml version="1.0" encoding="UTF-8"?>
<!-- Generated by org.testng.reporters.JUnitReportReporter -->
<testsuite hostname="Dewendra" failures="0" tests="1" name="com.hdorRegistrationProcess.LoginPageTest" time="10.006" errors="0" timestamp="2024-10-30T11:26:23 IST" skipped="0">
  <testcase classname="com.hdorRegistrationProcess.LoginPageTest" name="verifyLogin" time="10.006"/>
</testsuite> <!-- com.hdorRegistrationProcess.LoginPageTest -->
