<?xml version="1.0" encoding="UTF-8"?>
<!-- Generated by org.testng.reporters.JUnitReportReporter -->
<testsuite hostname="Dewendra" failures="0" tests="1" name="com.hdorRegistrationProcess.EndToEndTest" time="10.728" errors="0" timestamp="2024-10-30T15:19:51 IST" skipped="0">
  <testcase classname="com.hdorRegistrationProcess.EndToEndTest" name="verifyLogin" time="10.728"/>
</testsuite> <!-- com.hdorRegistrationProcess.EndToEndTest -->
