<?xml version="1.0" encoding="UTF-8"?>
<!-- Generated by org.testng.reporters.JUnitReportReporter -->
<testsuite hostname="Dewendra" failures="0" tests="1" name="com.hdorRegistrationProcess.DashboardPageTest" time="15.451" errors="0" timestamp="2024-10-18T17:12:58 IST" skipped="0">
  <testcase classname="com.hdorRegistrationProcess.DashboardPageTest" name="verifySelectedEvent" time="15.451"/>
</testsuite> <!-- com.hdorRegistrationProcess.DashboardPageTest -->
