<?xml version="1.0" encoding="UTF-8"?>
<!-- Generated by org.testng.reporters.JUnitReportReporter -->
<testsuite hostname="Dewendra" failures="0" tests="1" name="com.hdorRegistrationProcess.LoginPageTest" time="25.565" errors="0" timestamp="2024-12-19T16:17:09 IST" skipped="0">
  <testcase classname="com.hdorRegistrationProcess.LoginPageTest" name="verifyLogin" time="25.565"/>
</testsuite> <!-- com.hdorRegistrationProcess.LoginPageTest -->
