<?xml version="1.0" encoding="UTF-8"?>
<!-- Generated by org.testng.reporters.JUnitReportReporter -->
<testsuite hostname="Dewendra" failures="0" tests="1" name="com.hdorRegistrationProcess.LoginPageTest" time="9.278" errors="0" timestamp="2024-10-30T12:32:45 IST" skipped="0">
  <testcase classname="com.hdorRegistrationProcess.LoginPageTest" name="verifyLogin" time="9.278"/>
</testsuite> <!-- com.hdorRegistrationProcess.LoginPageTest -->
