<?xml version="1.0" encoding="UTF-8"?>
<!-- Generated by org.testng.reporters.JUnitReportReporter -->
<testsuite hostname="Dewendra" failures="0" tests="1" name="com.hdorRegistrationProcess.EndToEndTest" time="11.771" errors="0" timestamp="2024-11-04T16:05:52 IST" skipped="0">
  <testcase classname="com.hdorRegistrationProcess.EndToEndTest" name="verifyLogin" time="11.771"/>
</testsuite> <!-- com.hdorRegistrationProcess.EndToEndTest -->
