<?xml version="1.0" encoding="UTF-8"?>
<!-- Generated by org.testng.reporters.JUnitReportReporter -->
<testsuite hostname="Dewendra" failures="0" tests="1" name="com.hdorRegistrationProcess.EndToEndTest" time="14.321" errors="0" timestamp="2024-11-06T15:17:02 IST" skipped="0">
  <testcase classname="com.hdorRegistrationProcess.EndToEndTest" name="verifyLogin" time="14.321"/>
</testsuite> <!-- com.hdorRegistrationProcess.EndToEndTest -->
