<?xml version="1.0" encoding="UTF-8"?>
<!-- Generated by org.testng.reporters.JUnitReportReporter -->
<testsuite hostname="Dewendra" failures="0" tests="1" name="com.hdorRegistrationProcess.HomePageTest" time="5.813" errors="0" timestamp="2024-10-09T14:50:20 IST" skipped="0">
  <testcase classname="com.hdorRegistrationProcess.HomePageTest" name="verifyLogin" time="5.813"/>
</testsuite> <!-- com.hdorRegistrationProcess.HomePageTest -->
