<?xml version="1.0" encoding="UTF-8"?>
<!-- Generated by org.testng.reporters.JUnitReportReporter -->
<testsuite hostname="Dewendra" failures="0" tests="1" name="com.hdorRegistrationProcess.EndToEndTest" time="14.555" errors="0" timestamp="2024-12-04T12:27:05 IST" skipped="0">
  <testcase classname="com.hdorRegistrationProcess.EndToEndTest" name="verifyLogin" time="14.555"/>
</testsuite> <!-- com.hdorRegistrationProcess.EndToEndTest -->
