<?xml version="1.0" encoding="UTF-8"?>
<!-- Generated by org.testng.reporters.JUnitReportReporter -->
<testsuite hostname="Dewendra" failures="0" tests="1" name="com.hdorRegistrationProcess.HomePageTest" time="10.840" errors="0" timestamp="2024-12-19T10:08:08 IST" skipped="0">
  <testcase classname="com.hdorRegistrationProcess.HomePageTest" name="verifyLogin" time="10.840"/>
</testsuite> <!-- com.hdorRegistrationProcess.HomePageTest -->
