<?xml version="1.0" encoding="UTF-8"?>
<!-- Generated by org.testng.reporters.JUnitReportReporter -->
<testsuite hostname="Dewendra" failures="0" tests="1" name="com.nop.myrunner.TestRun" time="13.167" errors="0" timestamp="2025-08-29T16:21:41 IST" skipped="0">
  <testcase classname="com.nop.myrunner.TestRun" name="runScenario" time="13.167"/>
  <system-out/>
</testsuite> <!-- com.nop.myrunner.TestRun -->
