<?xml version="1.0" encoding="UTF-8"?>
<!-- Generated by org.testng.reporters.JUnitReportReporter -->
<testsuite hostname="Dewendra" failures="0" tests="2" name="com.nop.myrunner.TestRun" time="22.662" errors="0" timestamp="2025-08-27T16:18:53 IST" skipped="0">
  <testcase classname="com.nop.myrunner.TestRun" name="runScenario" time="6.614"/>
  <system-out/>
  <testcase classname="com.nop.myrunner.TestRun" name="runScenario" time="16.048"/>
  <system-out/>
</testsuite> <!-- com.nop.myrunner.TestRun -->
