<?xml version="1.0" encoding="UTF-8"?>
<!-- Generated by org.testng.reporters.JUnitReportReporter -->
<testsuite hostname="Dewendra" failures="0" tests="1" name="com.amazon.test.IndexPageTest" time="5.402" errors="0" timestamp="2025-07-29T21:09:59 IST" skipped="0">
  <testcase classname="com.amazon.test.IndexPageTest" name="verifyAccountAndListOption" time="5.402"/>
  <system-out/>
</testsuite> <!-- com.amazon.test.IndexPageTest -->
