<?xml version="1.0" encoding="UTF-8"?>
<!-- Generated by org.testng.reporters.JUnitReportReporter -->
<testsuite hostname="Dewendra" failures="0" tests="1" name="com.redbus.test.IndexPageTest" time="2.266" errors="0" timestamp="2025-08-16T18:35:27 IST" skipped="0">
  <testcase classname="com.redbus.test.IndexPageTest" name="enterDetails" time="2.266"/>
  <system-out/>
</testsuite> <!-- com.redbus.test.IndexPageTest -->
