<?xml version="1.0" encoding="UTF-8"?>
<!-- Generated by org.testng.reporters.JUnitReportReporter -->
<testsuite hostname="Dewendra" failures="0" tests="1" name="com.redbus.test.IndexPageTest" time="311.914" errors="0" timestamp="2025-09-13T15:23:26 IST" skipped="0">
  <testcase classname="com.redbus.test.IndexPageTest" name="enterDetails" time="311.914"/>
</testsuite> <!-- com.redbus.test.IndexPageTest -->
