<?xml version="1.0" encoding="UTF-8"?>
<!-- Generated by org.testng.reporters.JUnitReportReporter -->
<testsuite hostname="Dewendra" failures="0" tests="1" name="com.hdorRegistrationProcess.EndToEndTest" time="13.564" errors="0" timestamp="2024-11-07T12:33:05 IST" skipped="0">
  <testcase classname="com.hdorRegistrationProcess.EndToEndTest" name="verifyLogin" time="13.564"/>
  <system-out/>
</testsuite> <!-- com.hdorRegistrationProcess.EndToEndTest -->
