<?xml version="1.0" encoding="UTF-8"?>
<!-- Generated by org.testng.reporters.JUnitReportReporter -->
<testsuite hostname="Dewendra" failures="0" tests="1" name="com.yatra.test.IndexPageTest" time="5.843" errors="0" timestamp="2025-09-11T10:27:17 IST" skipped="0">
  <testcase classname="com.yatra.test.IndexPageTest" name="verifiyLogo" time="5.843"/>
</testsuite> <!-- com.yatra.test.IndexPageTest -->
