<?xml version="1.0" encoding="UTF-8"?>
<!-- Generated by org.testng.reporters.JUnitReportReporter -->
<testsuite hostname="Dewendra" failures="0" tests="1" name="com.hdor.eventregistration.EventDescriptionPageTest" time="11.057" errors="0" timestamp="2024-10-10T11:02:46 IST" skipped="0">
  <testcase classname="com.hdor.eventregistration.EventDescriptionPageTest" name="verifyBuyNow" time="11.057"/>
</testsuite> <!-- com.hdor.eventregistration.EventDescriptionPageTest -->
