<?xml version="1.0" encoding="UTF-8"?>
<!-- Generated by org.testng.reporters.JUnitReportReporter -->
<testsuite hostname="Dewendra" failures="0" tests="1" name="com.hdor.eventregistration.EventTicketPageTest" time="20.590" errors="0" timestamp="2024-10-18T14:39:22 IST" skipped="0">
  <testcase classname="com.hdor.eventregistration.EventTicketPageTest" name="verifySelectTicket" time="20.590"/>
</testsuite> <!-- com.hdor.eventregistration.EventTicketPageTest -->
