<?xml version="1.0" encoding="UTF-8"?>
<!-- Generated by org.testng.reporters.JUnitReportReporter -->
<testsuite hostname="Dewendra" failures="0" tests="1" name="com.hdor.eventregistration.EventTicketPageTest" time="14.825" errors="0" timestamp="2024-12-09T16:45:11 IST" skipped="0">
  <testcase classname="com.hdor.eventregistration.EventTicketPageTest" name="verifySelectTicket" time="14.825"/>
</testsuite> <!-- com.hdor.eventregistration.EventTicketPageTest -->
