<?xml version="1.0" encoding="UTF-8"?>
<!-- Generated by org.testng.reporters.JUnitReportReporter -->
<testsuite hostname="Dewendra" failures="0" tests="1" name="com.hdor.eventregistration.EventTicketPageTest" time="13.706" errors="0" timestamp="2024-10-10T13:04:32 IST" skipped="0">
  <testcase classname="com.hdor.eventregistration.EventTicketPageTest" name="verifySelectTicket" time="13.706"/>
</testsuite> <!-- com.hdor.eventregistration.EventTicketPageTest -->
