<?xml version="1.0" encoding="UTF-8"?>
<!-- Generated by org.testng.reporters.JUnitReportReporter -->
<testsuite hostname="Dewendra" failures="0" tests="1" name="com.hdor.eventregistration.HomePageTest" time="6.258" errors="0" timestamp="2024-12-09T15:11:43 IST" skipped="0">
  <testcase classname="com.hdor.eventregistration.HomePageTest" name="verifyRegister" time="6.258"/>
</testsuite> <!-- com.hdor.eventregistration.HomePageTest -->
