<?xml version="1.0" encoding="UTF-8"?>
<!-- Generated by org.testng.reporters.JUnitReportReporter -->
<testsuite hostname="Dewendra" failures="0" tests="1" name="com.hdor.eventregistration.HomePageTest" time="5.199" errors="0" timestamp="2024-10-10T10:51:09 IST" skipped="0">
  <testcase classname="com.hdor.eventregistration.HomePageTest" name="verifyRegister" time="5.199"/>
</testsuite> <!-- com.hdor.eventregistration.HomePageTest -->
