<?xml version="1.0" encoding="UTF-8"?>
<!-- Generated by org.testng.reporters.JUnitReportReporter -->
<testsuite hostname="Dewendra" failures="0" tests="4" name="com.demo.groupingDemo.LoginTest" time="0.009" errors="0" timestamp="2025-04-07T11:53:42 IST" skipped="0">
  <testcase classname="com.demo.groupingDemo.LoginTest" name="LoginByEmail" time="0.006"/>
  <system-out/>
  <testcase classname="com.demo.groupingDemo.LoginTest" name="LoginByFacebook" time="0.001"/>
  <system-out/>
  <testcase classname="com.demo.groupingDemo.LoginTest" name="LoginByGmail" time="0.001"/>
  <system-out/>
  <testcase classname="com.demo.groupingDemo.LoginTest" name="LoginByOTP" time="0.001"/>
  <system-out/>
</testsuite> <!-- com.demo.groupingDemo.LoginTest -->
