<?xml version="1.0" encoding="UTF-8"?>
<!-- Generated by org.testng.reporters.JUnitReportReporter -->
<testsuite hostname="Dewendra" failures="0" tests="1" name="com.demo.pageObjectModel.LoginPageTest" time="1.590" errors="0" timestamp="2025-04-15T19:30:53 IST" skipped="0">
  <testcase classname="com.demo.pageObjectModel.LoginPageTest" name="testAppLogin" time="1.590"/>
  <system-out/>
</testsuite> <!-- com.demo.pageObjectModel.LoginPageTest -->
