<?xml version="1.0" encoding="UTF-8"?>
<!-- Generated by org.testng.reporters.JUnitReportReporter -->
<testsuite hostname="Dewendra" failures="0" tests="4" name="com.demo.groupingDemo.PaymetTest" time="0.011" errors="0" timestamp="2025-04-07T11:42:07 IST" skipped="0">
  <testcase classname="com.demo.groupingDemo.PaymetTest" name="paymentByNetbanking" time="0.010"/>
  <system-out/>
  <testcase classname="com.demo.groupingDemo.PaymetTest" name="paymentBycard" time="0.000"/>
  <system-out/>
  <testcase classname="com.demo.groupingDemo.PaymetTest" name="paymentByWallet" time="0.000"/>
  <system-out/>
  <testcase classname="com.demo.groupingDemo.PaymetTest" name="paymentByUPI" time="0.001"/>
  <system-out/>
</testsuite> <!-- com.demo.groupingDemo.PaymetTest -->
