<?xml version="1.0" encoding="UTF-8"?>
<!-- Generated by org.testng.reporters.JUnitReportReporter -->
<testsuite hostname="Dewendra" failures="0" tests="4" name="com.demo.testng.OrangeHrm" time="11.488" errors="0" timestamp="2025-03-18T17:08:14 IST" skipped="0">
  <testcase classname="com.demo.testng.OrangeHrm" name="openApplication" time="3.966"/>
  <system-out/>
  <testcase classname="com.demo.testng.OrangeHrm" name="testLogo" time="3.045"/>
  <system-out/>
  <testcase classname="com.demo.testng.OrangeHrm" name="loginApplaction" time="1.348"/>
  <system-out/>
  <testcase classname="com.demo.testng.OrangeHrm" name="logoutApplaction" time="3.129"/>
  <system-out/>
</testsuite> <!-- com.demo.testng.OrangeHrm -->
