<?xml version="1.0" encoding="UTF-8"?>
<!-- Generated by org.testng.reporters.JUnitReportReporter -->
<testsuite hostname="Dewendra" failures="0" tests="1" name="com.demo.testCase.AnnotationDemo3" time="0.013" errors="0" timestamp="2025-03-26T20:45:26 IST" skipped="0">
  <testcase classname="com.demo.testCase.AnnotationDemo3" name="loginApplaction" time="0.013"/>
  <system-out/>
</testsuite> <!-- com.demo.testCase.AnnotationDemo3 -->
