<?xml version="1.0" encoding="UTF-8"?>
<!-- Generated by org.testng.reporters.JUnitReportReporter -->
<testsuite hostname="Dewendra" failures="0" tests="9" name="com.demo.parametersDemo.ParamTest" time="0.196" errors="0" timestamp="2025-04-10T14:11:54 IST" skipped="0">
  <testcase classname="com.demo.parametersDemo.ParamTest" name="testLogo" time="0.032"/>
  <system-out/>
  <testcase classname="com.demo.parametersDemo.ParamTest" name="testLogo" time="0.052"/>
  <system-out/>
  <testcase classname="com.demo.parametersDemo.ParamTest" name="testLogo" time="0.047"/>
  <system-out/>
  <testcase classname="com.demo.parametersDemo.ParamTest" name="testTitle" time="0.016"/>
  <system-out/>
  <testcase classname="com.demo.parametersDemo.ParamTest" name="testTitle" time="0.007"/>
  <system-out/>
  <testcase classname="com.demo.parametersDemo.ParamTest" name="testTitle" time="0.004"/>
  <system-out/>
  <testcase classname="com.demo.parametersDemo.ParamTest" name="testURL" time="0.012"/>
  <system-out/>
  <testcase classname="com.demo.parametersDemo.ParamTest" name="testURL" time="0.017"/>
  <system-out/>
  <testcase classname="com.demo.parametersDemo.ParamTest" name="testURL" time="0.009"/>
  <system-out/>
</testsuite> <!-- com.demo.parametersDemo.ParamTest -->
