<?xml version="1.0" encoding="UTF-8"?>
<!-- Generated by org.testng.reporters.JUnitReportReporter -->
<testsuite hostname="Dewendra" failures="0" tests="4" name="com.demo.groupingDemo.SignUpTest" time="0.013" errors="0" timestamp="2025-04-08T11:26:59 IST" skipped="0">
  <testcase classname="com.demo.groupingDemo.SignUpTest" name="signUpByEmail" time="0.010"/>
  <system-out/>
  <testcase classname="com.demo.groupingDemo.SignUpTest" name="signUpByFacebook" time="0.001"/>
  <system-out/>
  <testcase classname="com.demo.groupingDemo.SignUpTest" name="signUpByGmail" time="0.001"/>
  <system-out/>
  <testcase classname="com.demo.groupingDemo.SignUpTest" name="signUpByOTP" time="0.001"/>
  <system-out/>
</testsuite> <!-- com.demo.groupingDemo.SignUpTest -->
