<?xml version="1.0" encoding="UTF-8"?>
<!-- Generated by org.testng.reporters.JUnitReportReporter -->
<testsuite hostname="Dewendra" failures="0" tests="2" name="com.demo.testCase.AnnotationDemo" time="0.018" errors="0" timestamp="2025-03-24T15:33:19 IST" skipped="0">
  <testcase classname="com.demo.testCase.AnnotationDemo" name="search" time="0.017"/>
  <system-out/>
  <testcase classname="com.demo.testCase.AnnotationDemo" name="advSearch" time="0.001"/>
  <system-out/>
</testsuite> <!-- com.demo.testCase.AnnotationDemo -->
