<?xml version="1.0" encoding="UTF-8"?>
<!-- Generated by org.testng.reporters.JUnitReportReporter -->
<testsuite hostname="Dewendra" failures="0" tests="4" name="com.demo.groupingDemo.PaymentTest" time="0.011" errors="0" timestamp="2025-04-08T15:52:03 IST" skipped="0">
  <testcase classname="com.demo.groupingDemo.PaymentTest" name="paymentByNetbanking" time="0.008"/>
  <system-out/>
  <testcase classname="com.demo.groupingDemo.PaymentTest" name="paymentBycard" time="0.001"/>
  <system-out/>
  <testcase classname="com.demo.groupingDemo.PaymentTest" name="paymentByWallet" time="0.002"/>
  <system-out/>
  <testcase classname="com.demo.groupingDemo.PaymentTest" name="paymentByUPI" time="0.000"/>
  <system-out/>
</testsuite> <!-- com.demo.groupingDemo.PaymentTest -->
