<?xml version="1.0" encoding="UTF-8"?>
<!-- Generated by org.testng.reporters.JUnitReportReporter -->
<testsuite hostname="Dewendra" failures="0" tests="2" name="com.demo.testCase.AnnotationDemo2" time="0.009" errors="0" timestamp="2025-03-26T14:51:02 IST" skipped="0">
  <testcase classname="com.demo.testCase.AnnotationDemo2" name="search" time="0.008"/>
  <system-out/>
  <testcase classname="com.demo.testCase.AnnotationDemo2" name="advSearch" time="0.001"/>
  <system-out/>
</testsuite> <!-- com.demo.testCase.AnnotationDemo2 -->
