<?xml version="1.0" encoding="UTF-8"?>
<!-- Generated by org.testng.reporters.JUnitReportReporter -->
<testsuite hostname="Dewendra" failures="0" tests="3" name="com.demo.testng.FirstTestCase" time="0.012" errors="0" timestamp="2025-03-18T15:16:25 IST" skipped="0">
  <testcase classname="com.demo.testng.FirstTestCase" name="openApplaction" time="0.011"/>
  <system-out/>
  <testcase classname="com.demo.testng.FirstTestCase" name="loginApplaction" time="0.000"/>
  <system-out/>
  <testcase classname="com.demo.testng.FirstTestCase" name="logoutApplaction" time="0.001"/>
  <system-out/>
</testsuite> <!-- com.demo.testng.FirstTestCase -->
